<?xml version="1.0" encoding="UTF-8"?>
<!-- Generated by org.testng.reporters.JUnitReportReporter -->
<testsuite hostname="DESKTOP-VGKC17I" failures="0" tests="3" name="DynamicJson" time="4.990" errors="0" timestamp="2025-03-06T11:50:48 IST" skipped="0">
  <testcase classname="DynamicJson" name="addBook" time="4.442"/>
  <testcase classname="DynamicJson" name="addBook" time="0.275"/>
  <testcase classname="DynamicJson" name="addBook" time="0.273"/>
</testsuite> <!-- DynamicJson -->
