<?xml version="1.0" encoding="UTF-8"?>
<!-- Generated by org.testng.reporters.JUnitReportReporter -->
<testsuite hostname="DESKTOP-VGKC17I" failures="0" tests="1" name="SumValidation" time="2.040" errors="0" timestamp="2025-03-05T18:11:12 IST" skipped="0">
  <testcase classname="SumValidation" name="sumOfCourses" time="2.040"/>
</testsuite> <!-- SumValidation -->
