<?xml version="1.0" encoding="UTF-8"?>
<!-- Generated by org.testng.reporters.JUnitReportReporter -->
<testsuite hostname="DESKTOP-VGKC17I" failures="0" tests="1" name="JIRABugTest" time="14.906" errors="0" timestamp="2025-03-06T17:53:54 IST" skipped="0">
  <testcase classname="JIRABugTest" name="BugTest" time="14.906"/>
</testsuite> <!-- JIRABugTest -->
