<?xml version="1.0" encoding="UTF-8"?>
<!-- Generated by org.testng.reporters.JUnitReportReporter -->
<testsuite hostname="DESKTOP-VGKC17I" failures="0" tests="1" name="OAuthTest" time="4.070" errors="0" timestamp="2025-03-07T13:36:25 IST" skipped="0">
  <testcase classname="OAuthTest" name="OAuth" time="4.070"/>
</testsuite> <!-- OAuthTest -->
